[handleMsg]:  {
  key: {
    remoteJid: '584243075689@s.whatsapp.net',
    fromMe: false,
    id: '3C200B320C5F5DE31F',
    participant: undefined
  },
  messageTimestamp: 1707095529,
  pushName: 'Albert Charmelo',
  broadcast: false,
  message: Message {
    extendedTextMessage: ExtendedTextMessage { text: 'ayuda', contextInfo: [ContextInfo] },
    messageContextInfo: MessageContextInfo {
      deviceListMetadata: [DeviceListMetadata],
      deviceListMetadataVersion: 2
    }
  },
  body: 'ayuda',
  from: '584243075689'
}
[handleMsg]:  {
  key: {
    remoteJid: '584243075689@s.whatsapp.net',
    fromMe: false,
    id: '6A467F842DECE9FE7B',
    participant: undefined
  },
  messageTimestamp: 1707095531,
  pushName: 'Albert Charmelo',
  broadcast: false,
  message: Message {
    extendedTextMessage: ExtendedTextMessage { text: 'ayuda', contextInfo: [ContextInfo] },
    messageContextInfo: MessageContextInfo {
      deviceListMetadata: [DeviceListMetadata],
      deviceListMetadataVersion: 2
    }
  },
  body: 'ayuda',
  from: '584243075689'
}
[QUEUE_SE_ENVIO]:  {
  ref: 'ans_d0781254-2c10-48ef-b545-d174c2564dd9',
  keyword: 'key_77e05740-a7ab-4eb3-abef-974aa5874c51',
  answer: 'Hola! Me llamo Forkito y me gustaria enviarle información  sobre nuestra oferta de Menús para Grupos y Eventos. Además de la información puedo ayudarle también enviandole un enlace para que usted personalmente decida el Menú o puedo enviarle un enlace para que todos los invitados voten el Menú que quiere la mayoría.',
  options: {
    media: null,
    buttons: [],
    capture: false,
    child: null,
    delay: 0,
    idle: null,
    ref: null,
    nested: [],
    keyword: {},
    callback: false
  },
  refSerialize: 'bcc0e7b22ed797cdb5180a5321140ec1'
}
[QUEUE_SE_ENVIO]:  {
  ref: 'ans_9aa8d54d-c8f7-41dc-bc3e-a96d581b32df',
  keyword: 'ans_d0781254-2c10-48ef-b545-d174c2564dd9',
  answer: '¿Desea que le envíe la información de nuestros Menús? Responda Si o No',
  options: {
    media: null,
    buttons: [],
    capture: true,
    child: null,
    delay: 0,
    idle: null,
    ref: null,
    nested: [ [Object], [Object], [Object], [Object], [Object], [Object] ],
    keyword: {},
    callback: true
  },
  refSerialize: '59607469d97c0065bd3d6ba42472572d'
}
[handleMsg]:  {
  key: {
    remoteJid: '584243075689@s.whatsapp.net',
    fromMe: false,
    id: '17BC0347FD73C3B1A3',
    participant: undefined
  },
  messageTimestamp: 1707095534,
  pushName: 'Albert Charmelo',
  broadcast: false,
  message: Message {
    extendedTextMessage: ExtendedTextMessage { text: 'si', contextInfo: [ContextInfo] },
    messageContextInfo: MessageContextInfo {
      deviceListMetadata: [DeviceListMetadata],
      deviceListMetadataVersion: 2
    }
  },
  body: 'si',
  from: '584243075689'
}
[handleMsg]:  {
  key: {
    remoteJid: '584243075689@s.whatsapp.net',
    fromMe: false,
    id: 'AE1B4DCB9723E19099',
    participant: undefined
  },
  messageTimestamp: 1707095538,
  pushName: 'Albert Charmelo',
  broadcast: false,
  message: Message {
    extendedTextMessage: ExtendedTextMessage {
      text: 'Albert Charmelo',
      contextInfo: [ContextInfo]
    },
    messageContextInfo: MessageContextInfo {
      deviceListMetadata: [DeviceListMetadata],
      deviceListMetadataVersion: 2
    }
  },
  body: 'Albert Charmelo',
  from: '584243075689'
}
[handleMsg]:  {
  key: {
    remoteJid: '584243075689@s.whatsapp.net',
    fromMe: false,
    id: 'EC9CAB80410A6BE8B8',
    participant: undefined
  },
  messageTimestamp: 1707095548,
  pushName: 'Albert Charmelo',
  broadcast: false,
  message: Message {
    extendedTextMessage: ExtendedTextMessage {
      text: 'albertcharmelo@gmail.com',
      contextInfo: [ContextInfo]
    },
    messageContextInfo: MessageContextInfo {
      deviceListMetadata: [DeviceListMetadata],
      deviceListMetadataVersion: 2
    }
  },
  body: 'albertcharmelo@gmail.com',
  from: '584243075689'
}
[handleMsg]:  {
  key: {
    remoteJid: '584243075689@s.whatsapp.net',
    fromMe: false,
    id: '25193E6FACE8B409E1',
    participant: undefined
  },
  messageTimestamp: 1707095566,
  pushName: 'Albert Charmelo',
  broadcast: false,
  message: Message {
    extendedTextMessage: ExtendedTextMessage { text: 'no', contextInfo: [ContextInfo] },
    messageContextInfo: MessageContextInfo {
      deviceListMetadata: [DeviceListMetadata],
      deviceListMetadataVersion: 2
    }
  },
  body: 'no',
  from: '584243075689'
}
